\BOOKMARK [0][-]{chapter.1}{\376\377\000I\000N\000T\000R\000O\000D\000U\000C\000T\000I\000O\000N}{}% 1
\BOOKMARK [1][-]{section.1.1}{\376\377\000C\000o\000n\000t\000e\000x\000t\000\040\000a\000n\000d\000\040\000B\000a\000c\000k\000g\000r\000o\000u\000n\000d}{chapter.1}% 2
\BOOKMARK [1][-]{section.1.2}{\376\377\000M\000o\000t\000i\000v\000a\000t\000i\000o\000n\000\040\000a\000n\000d\000\040\000R\000e\000l\000e\000v\000a\000n\000c\000e}{chapter.1}% 3
\BOOKMARK [1][-]{section.1.3}{\376\377\000P\000o\000t\000e\000n\000t\000i\000a\000l\000\040\000I\000m\000p\000a\000c\000t}{chapter.1}% 4
\BOOKMARK [0][-]{chapter.2}{\376\377\000D\000O\000M\000A\000I\000N\000\040\000A\000N\000A\000L\000Y\000S\000I\000S}{}% 5
\BOOKMARK [1][-]{section.2.1}{\376\377\000P\000r\000o\000b\000l\000e\000m\000\040\000O\000v\000e\000r\000v\000i\000e\000w}{chapter.2}% 6
\BOOKMARK [1][-]{section.2.2}{\376\377\000T\000a\000r\000g\000e\000t\000\040\000A\000u\000d\000i\000e\000n\000c\000e}{chapter.2}% 7
\BOOKMARK [1][-]{section.2.3}{\376\377\000S\000o\000l\000u\000t\000i\000o\000n\000\040\000C\000o\000n\000c\000e\000p\000t}{chapter.2}% 8
\BOOKMARK [1][-]{section.2.4}{\376\377\000M\000a\000r\000k\000e\000t\000\040\000R\000e\000s\000e\000a\000r\000c\000h}{chapter.2}% 9
\BOOKMARK [1][-]{section.2.5}{\376\377\000U\000s\000e\000r\000\040\000S\000t\000o\000r\000i\000e\000s\000\040\000a\000n\000d\000\040\000R\000e\000q\000u\000i\000r\000e\000m\000e\000n\000t\000s}{chapter.2}% 10
\BOOKMARK [1][-]{section.2.6}{\376\377\000P\000r\000o\000p\000o\000s\000e\000d\000\040\000S\000o\000l\000u\000t\000i\000o\000n}{chapter.2}% 11
\BOOKMARK [1][-]{section.2.7}{\376\377\000S\000y\000s\000t\000e\000m\000\040\000I\000n\000t\000e\000r\000a\000c\000t\000i\000o\000n\000\040\000a\000n\000d\000\040\000U\000s\000e\000\040\000C\000a\000s\000e\000s}{chapter.2}% 12
\BOOKMARK [0][-]{chapter.3}{\376\377\000S\000Y\000S\000T\000E\000M\000\040\000D\000E\000S\000I\000G\000N}{}% 13
\BOOKMARK [1][-]{section.3.1}{\376\377\000T\000e\000c\000h\000n\000i\000c\000a\000l\000\040\000R\000e\000q\000u\000i\000r\000e\000m\000e\000n\000t\000s}{chapter.3}% 14
\BOOKMARK [1][-]{section.3.2}{\376\377\000B\000e\000h\000a\000v\000i\000o\000r\000a\000l\000\040\000M\000o\000d\000e\000l\000i\000n\000g}{chapter.3}% 15
\BOOKMARK [1][-]{section.3.3}{\376\377\000S\000t\000r\000u\000c\000t\000u\000r\000a\000l\000\040\000M\000o\000d\000e\000l\000i\000n\000g}{chapter.3}% 16
\BOOKMARK [1][-]{section.3.4}{\376\377\000D\000a\000t\000a\000\040\000M\000a\000n\000a\000g\000e\000m\000e\000n\000t}{chapter.3}% 17
\BOOKMARK [1][-]{section.3.5}{\376\377\000V\000i\000s\000u\000a\000l\000i\000z\000a\000t\000i\000o\000n\000\040\000a\000n\000d\000\040\000D\000e\000c\000i\000s\000i\000o\000n\000\040\000S\000u\000p\000p\000o\000r\000t}{chapter.3}% 18
\BOOKMARK [1][-]{section.3.6}{\376\377\000H\000a\000r\000d\000w\000a\000r\000e\000\040\000A\000r\000c\000h\000i\000t\000e\000c\000t\000u\000r\000e}{chapter.3}% 19
\BOOKMARK [0][-]{chapter*.13}{\376\377\000C\000O\000N\000C\000L\000U\000S\000I\000O\000N\000S}{}% 20
\BOOKMARK [0][-]{appendix.A}{\376\377\000A\000p\000p\000e\000n\000d\000i\000x}{}% 21
\BOOKMARK [0][-]{figure.caption.15}{\376\377\000B\000i\000b\000l\000i\000o\000g\000r\000a\000p\000h\000y}{}% 22
